# JRE version: OpenJDK Runtime Environment Microsoft-10800203 (21.0.6+7) (build 21.0.6+7-LTS)
# Java VM: OpenJDK 64-Bit Server VM Microsoft-10800203 (21.0.6+7-LTS, mixed mode, sharing, tiered, compressed oops, compressed class ptrs, g1 gc, windows-amd64)
GC Precious Log:
 CardTable entry size: 512
 Card Set container configuration: InlinePtr #cards 4 size 8 Array Of Cards #cards 32 size 80 Howl #buckets 8 coarsen threshold 7372 Howl Bitmap #cards 1024 size 144 coarsen threshold 921 Card regions per heap region 1 cards per card region 8192
 CPUs: 8 total, 8 available
 Memory: 3899M
 Large Page Support: Disabled
 NUMA Support: Disabled
 Compressed Oops: Enabled (Zero based)
 Heap Region Size: 4M
 Heap Min Capacity: 8M
 Heap Initial Capacity: 64M
 Heap Max Capacity: 8G
 Pre-touch: Disabled
 Parallel Workers: 8
 Concurrent Workers: 2
 Concurrent Refinement Workers: 8
 Periodic GC: Disabled
Heap:
 garbage-first heap   total 241664K, used 188427K [0x0000000600000000, 0x0000000800000000)
  region size 4096K, 12 young (49152K), 1 survivors (4096K)
 Metaspace       used 96487K, committed 98752K, reserved 1179648K
  class space    used 13484K, committed 14592K, reserved 1048576K
GC Heap History (20 events):
Event: 29.978 GC heap before
{Heap before GC invocations=43 (full 0):
 garbage-first heap   total 159744K, used 133909K [0x0000000600000000, 0x0000000800000000)
  region size 4096K, 11 young (45056K), 2 survivors (8192K)
 Metaspace       used 75454K, committed 77632K, reserved 1179648K
  class space    used 10647K, committed 11712K, reserved 1048576K
}
Event: 29.990 GC heap after
{Heap after GC invocations=44 (full 0):
 garbage-first heap   total 159744K, used 103813K [0x0000000600000000, 0x0000000800000000)
  region size 4096K, 1 young (4096K), 1 survivors (4096K)
 Metaspace       used 75454K, committed 77632K, reserved 1179648K
  class space    used 10647K, committed 11712K, reserved 1048576K
}
Event: 30.813 GC heap before
{Heap before GC invocations=44 (full 0):
 garbage-first heap   total 159744K, used 136581K [0x0000000600000000, 0x0000000800000000)
  region size 4096K, 9 young (36864K), 1 survivors (4096K)
 Metaspace       used 79077K, committed 81152K, reserved 1179648K
  class space    used 11021K, committed 12032K, reserved 1048576K
}
Event: 30.820 GC heap after
{Heap after GC invocations=45 (full 0):
 garbage-first heap   total 159744K, used 107091K [0x0000000600000000, 0x0000000800000000)
  region size 4096K, 2 young (8192K), 2 survivors (8192K)
 Metaspace       used 79077K, committed 81152K, reserved 1179648K
  class space    used 11021K, committed 12032K, reserved 1048576K
}
Event: 31.356 GC heap before
{Heap before GC invocations=46 (full 0):
 garbage-first heap   total 184320K, used 131667K [0x0000000600000000, 0x0000000800000000)
  region size 4096K, 9 young (36864K), 2 survivors (8192K)
 Metaspace       used 80255K, committed 82368K, reserved 1179648K
  class space    used 11189K, committed 12224K, reserved 1048576K
}
Event: 31.366 GC heap after
{Heap after GC invocations=47 (full 0):
 garbage-first heap   total 184320K, used 109507K [0x0000000600000000, 0x0000000800000000)
  region size 4096K, 2 young (8192K), 2 survivors (8192K)
 Metaspace       used 80255K, committed 82368K, reserved 1179648K
  class space    used 11189K, committed 12224K, reserved 1048576K
}
Event: 32.393 GC heap before
{Heap before GC invocations=47 (full 0):
 garbage-first heap   total 184320K, used 154563K [0x0000000600000000, 0x0000000800000000)
  region size 4096K, 13 young (53248K), 2 survivors (8192K)
 Metaspace       used 83617K, committed 85696K, reserved 1179648K
  class space    used 11608K, committed 12672K, reserved 1048576K
}
Event: 32.409 GC heap after
{Heap after GC invocations=48 (full 0):
 garbage-first heap   total 221184K, used 110083K [0x0000000600000000, 0x0000000800000000)
  region size 4096K, 2 young (8192K), 2 survivors (8192K)
 Metaspace       used 83617K, committed 85696K, reserved 1179648K
  class space    used 11608K, committed 12672K, reserved 1048576K
}
Event: 33.681 GC heap before
{Heap before GC invocations=48 (full 0):
 garbage-first heap   total 221184K, used 179715K [0x0000000600000000, 0x0000000800000000)
  region size 4096K, 19 young (77824K), 2 survivors (8192K)
 Metaspace       used 86334K, committed 88576K, reserved 1179648K
  class space    used 11968K, committed 13056K, reserved 1048576K
}
Event: 33.691 GC heap after
{Heap after GC invocations=49 (full 0):
 garbage-first heap   total 221184K, used 120969K [0x0000000600000000, 0x0000000800000000)
  region size 4096K, 3 young (12288K), 3 survivors (12288K)
 Metaspace       used 86334K, committed 88576K, reserved 1179648K
  class space    used 11968K, committed 13056K, reserved 1048576K
}
Event: 35.040 GC heap before
{Heap before GC invocations=49 (full 0):
 garbage-first heap   total 221184K, used 182409K [0x0000000600000000, 0x0000000800000000)
  region size 4096K, 19 young (77824K), 3 survivors (12288K)
 Metaspace       used 86850K, committed 89024K, reserved 1179648K
  class space    used 12013K, committed 13120K, reserved 1048576K
}
Event: 35.061 GC heap after
{Heap after GC invocations=50 (full 0):
 garbage-first heap   total 221184K, used 127522K [0x0000000600000000, 0x0000000800000000)
  region size 4096K, 3 young (12288K), 3 survivors (12288K)
 Metaspace       used 86850K, committed 89024K, reserved 1179648K
  class space    used 12013K, committed 13120K, reserved 1048576K
}
Event: 35.398 GC heap before
{Heap before GC invocations=50 (full 0):
 garbage-first heap   total 221184K, used 188962K [0x0000000600000000, 0x0000000800000000)
  region size 4096K, 18 young (73728K), 3 survivors (12288K)
 Metaspace       used 86864K, committed 89088K, reserved 1179648K
  class space    used 12013K, committed 13120K, reserved 1048576K
}
Event: 35.416 GC heap after
{Heap after GC invocations=51 (full 0):
 garbage-first heap   total 221184K, used 130812K [0x0000000600000000, 0x0000000800000000)
  region size 4096K, 2 young (8192K), 2 survivors (8192K)
 Metaspace       used 86864K, committed 89088K, reserved 1179648K
  class space    used 12013K, committed 13120K, reserved 1048576K
}
Event: 36.054 GC heap before
{Heap before GC invocations=51 (full 0):
 garbage-first heap   total 221184K, used 188156K [0x0000000600000000, 0x0000000800000000)
  region size 4096K, 17 young (69632K), 2 survivors (8192K)
 Metaspace       used 86868K, committed 89088K, reserved 1179648K
  class space    used 12013K, committed 13120K, reserved 1048576K
}
Event: 36.064 GC heap after
{Heap after GC invocations=52 (full 0):
 garbage-first heap   total 221184K, used 137052K [0x0000000600000000, 0x0000000800000000)
  region size 4096K, 3 young (12288K), 3 survivors (12288K)
 Metaspace       used 86868K, committed 89088K, reserved 1179648K
  class space    used 12013K, committed 13120K, reserved 1048576K
}
Event: 37.452 GC heap before
{Heap before GC invocations=53 (full 0):
 garbage-first heap   total 241664K, used 190300K [0x0000000600000000, 0x0000000800000000)
  region size 4096K, 16 young (65536K), 3 survivors (12288K)
 Metaspace       used 88769K, committed 91008K, reserved 1179648K
  class space    used 12275K, committed 13376K, reserved 1048576K
}
Event: 37.462 GC heap after
{Heap after GC invocations=54 (full 0):
 garbage-first heap   total 241664K, used 146753K [0x0000000600000000, 0x0000000800000000)
  region size 4096K, 2 young (8192K), 2 survivors (8192K)
 Metaspace       used 88769K, committed 91008K, reserved 1179648K
  class space    used 12275K, committed 13376K, reserved 1048576K
}
Event: 39.174 GC heap before
{Heap before GC invocations=54 (full 0):
 garbage-first heap   total 241664K, used 208193K [0x0000000600000000, 0x0000000800000000)
  region size 4096K, 17 young (69632K), 2 survivors (8192K)
 Metaspace       used 92835K, committed 95104K, reserved 1179648K
  class space    used 12855K, committed 13952K, reserved 1048576K
}
Event: 39.192 GC heap after
{Heap after GC invocations=55 (full 0):
 garbage-first heap   total 241664K, used 147467K [0x0000000600000000, 0x0000000800000000)
  region size 4096K, 1 young (4096K), 1 survivors (4096K)
 Metaspace       used 92835K, committed 95104K, reserved 1179648K
  class space    used 12855K, committed 13952K, reserved 1048576K
}

